AppChatting/app/build/intermediates/manifest_merge_blame_file/debug/manifest-merger-blame-debug-report.txt
1<?xml version="1.0" encoding="utf-8"?>
2<manifest xmlns:android="http://schemas.android.com/apk/res/android"
3    package="com.Chatting.chatapp"
4    android:versionCode="1"
5    android:versionName="1.0" >
6
7    <uses-sdk
8        android:minSdkVersion="21"
8-->src\main\AndroidManifest.xml
9        android:targetSdkVersion="31" />
9-->src\main\AndroidManifest.xml
10
11    <uses-permission android:name="android.permission.INTERNET" />
11-->src\main\AndroidManifest.xml:5:5-67
11-->src\main\AndroidManifest.xml:5:22-64
12    <uses-permission android:name="android.permission.READ_EXTERNAL_STORAGE" />
12-->src\main\AndroidManifest.xml:6:5-80
12-->src\main\AndroidManifest.xml:6:22-77
13    <uses-permission android:name="android.permission.WRITE_EXTERNAL_STORAGE" />
13-->src\main\AndroidManifest.xml:7:5-81
13-->src\main\AndroidManifest.xml:7:22-78
14
15    <queries>
15-->[com.facebook.android:facebook-common:17.0.0] AndroidManifest.xml:17:5-19:15
16        <package android:name="com.facebook.katana" />
16-->[com.facebook.android:facebook-common:17.0.0] AndroidManifest.xml:18:9-55
16-->[com.facebook.android:facebook-common:17.0.0] AndroidManifest.xml:18:18-52
17    </queries> <!-- Although the *SdkVersion is captured in gradle build files, this is required for non gradle builds -->
18    <!-- <uses-sdk android:minSdkVersion="14"/> -->
19    <uses-permission android:name="android.permission.ACCESS_NETWORK_STATE" />
19-->[com.google.firebase:firebase-database:20.0.4] AndroidManifest.xml:25:5-79
19-->[com.google.firebase:firebase-database:20.0.4] AndroidManifest.xml:25:22-76
20    <uses-permission android:name="com.google.android.gms.permission.AD_ID" />
20-->[com.facebook.android:facebook-core:17.0.0] AndroidManifest.xml:16:5-79
20-->[com.facebook.android:facebook-core:17.0.0] AndroidManifest.xml:16:22-76
21    <uses-permission android:name="com.google.android.finsky.permission.BIND_GET_INSTALL_REFERRER_SERVICE" />
21-->[com.android.installreferrer:installreferrer:1.0] AndroidManifest.xml:9:5-110
21-->[com.android.installreferrer:installreferrer:1.0] AndroidManifest.xml:9:22-107
22
23    <application
23-->src\main\AndroidManifest.xml:9:5-69:19
24        android:allowBackup="true"
24-->src\main\AndroidManifest.xml:10:9-35
25        android:appComponentFactory="androidx.core.app.CoreComponentFactory"
25-->[androidx.core:core:1.7.0] AndroidManifest.xml:24:18-86
26        android:debuggable="true"
27        android:icon="@mipmap/ic_launcher"
27-->src\main\AndroidManifest.xml:11:9-43
28        android:label="@string/app_name"
28-->src\main\AndroidManifest.xml:12:9-41
29        android:roundIcon="@mipmap/ic_launcher_round"
29-->src\main\AndroidManifest.xml:13:9-54
30        android:supportsRtl="true"
30-->src\main\AndroidManifest.xml:14:9-35
31        android:theme="@style/Theme.Chatapp" >
31-->src\main\AndroidManifest.xml:15:9-45
32        <meta-data
32-->src\main\AndroidManifest.xml:16:9-18:55
33            android:name="com.facebook.sdk.ApplicationId"
33-->src\main\AndroidManifest.xml:17:13-58
34            android:value="@string/facebook_app_id" />
34-->src\main\AndroidManifest.xml:18:13-52
35        <meta-data
35-->src\main\AndroidManifest.xml:19:9-21:61
36            android:name="com.facebook.sdk.ClientToken"
36-->src\main\AndroidManifest.xml:20:13-56
37            android:value="@string/facebook_client_token" />
37-->src\main\AndroidManifest.xml:21:13-58
38
39        <activity
39-->src\main\AndroidManifest.xml:23:9-25:52
40            android:name="com.Chatting.chatapp.Views.MessageActivity"
40-->src\main\AndroidManifest.xml:24:13-70
41            android:screenOrientation="portrait" />
41-->src\main\AndroidManifest.xml:25:13-49
42        <activity
42-->src\main\AndroidManifest.xml:26:9-28:52
43            android:name="com.Chatting.chatapp.Views.EditProfileActivity"
43-->src\main\AndroidManifest.xml:27:13-74
44            android:screenOrientation="portrait" />
44-->src\main\AndroidManifest.xml:28:13-49
45        <activity
45-->src\main\AndroidManifest.xml:29:9-31:52
46            android:name="com.Chatting.chatapp.Views.UserActivity"
46-->src\main\AndroidManifest.xml:30:13-67
47            android:screenOrientation="portrait" />
47-->src\main\AndroidManifest.xml:31:13-49
48        <activity
48-->src\main\AndroidManifest.xml:32:9-34:52
49            android:name="com.Chatting.chatapp.Views.MainActivity"
49-->src\main\AndroidManifest.xml:33:13-67
50            android:screenOrientation="portrait" />
50-->src\main\AndroidManifest.xml:34:13-49
51        <activity
51-->src\main\AndroidManifest.xml:35:9-37:52
52            android:name="com.Chatting.chatapp.Views.SearchActivity"
52-->src\main\AndroidManifest.xml:36:13-69
53            android:screenOrientation="portrait" />
53-->src\main\AndroidManifest.xml:37:13-49
54        <activity
54-->src\main\AndroidManifest.xml:38:9-48:20
55            android:name="com.Chatting.chatapp.Views.IntroActivity"
55-->src\main\AndroidManifest.xml:39:13-68
56            android:exported="true"
56-->src\main\AndroidManifest.xml:40:13-36
57            android:noHistory="true"
57-->src\main\AndroidManifest.xml:41:13-37
58            android:screenOrientation="portrait" >
58-->src\main\AndroidManifest.xml:42:13-49
59            <intent-filter>
59-->src\main\AndroidManifest.xml:43:13-47:29
60                <action android:name="android.intent.action.MAIN" />
60-->src\main\AndroidManifest.xml:44:17-69
60-->src\main\AndroidManifest.xml:44:25-66
61
62                <category android:name="android.intent.category.LAUNCHER" />
62-->src\main\AndroidManifest.xml:46:17-77
62-->src\main\AndroidManifest.xml:46:27-74
63            </intent-filter>
64        </activity>
65        <activity
65-->src\main\AndroidManifest.xml:49:9-52:48
66            android:name="com.facebook.FacebookActivity"
66-->src\main\AndroidManifest.xml:50:13-57
67            android:configChanges="keyboard|keyboardHidden|screenLayout|screenSize|orientation"
67-->src\main\AndroidManifest.xml:51:13-96
68            android:label="@string/app_name"
68-->src\main\AndroidManifest.xml:52:13-45
69            android:theme="@style/com_facebook_activity_theme" />
69-->[com.facebook.android:facebook-common:17.0.0] AndroidManifest.xml:25:13-63
70        <activity
70-->src\main\AndroidManifest.xml:53:9-64:20
71            android:name="com.facebook.CustomTabActivity"
71-->src\main\AndroidManifest.xml:54:13-58
72            android:exported="true" >
72-->src\main\AndroidManifest.xml:55:13-36
73            <intent-filter>
73-->src\main\AndroidManifest.xml:56:13-63:29
74                <action android:name="android.intent.action.VIEW" />
74-->src\main\AndroidManifest.xml:57:17-69
74-->src\main\AndroidManifest.xml:57:25-66
75
76                <category android:name="android.intent.category.DEFAULT" />
76-->src\main\AndroidManifest.xml:59:17-76
76-->src\main\AndroidManifest.xml:59:27-73
77                <category android:name="android.intent.category.BROWSABLE" />
77-->src\main\AndroidManifest.xml:60:17-78
77-->src\main\AndroidManifest.xml:60:27-75
78
79                <data android:scheme="@string/fb_login_protocol_scheme" />
79-->src\main\AndroidManifest.xml:62:17-75
79-->src\main\AndroidManifest.xml:62:23-72
80            </intent-filter>
81            <intent-filter>
81-->[com.facebook.android:facebook-common:17.0.0] AndroidManifest.xml:31:13-40:29
82                <action android:name="android.intent.action.VIEW" />
82-->src\main\AndroidManifest.xml:57:17-69
82-->src\main\AndroidManifest.xml:57:25-66
83
84                <category android:name="android.intent.category.DEFAULT" />
84-->src\main\AndroidManifest.xml:59:17-76
84-->src\main\AndroidManifest.xml:59:27-73
85                <category android:name="android.intent.category.BROWSABLE" />
85-->src\main\AndroidManifest.xml:60:17-78
85-->src\main\AndroidManifest.xml:60:27-75
86
87                <data
87-->src\main\AndroidManifest.xml:62:17-75
88                    android:host="cct.com.Chatting.chatapp"
89                    android:scheme="fbconnect" />
89-->src\main\AndroidManifest.xml:62:23-72
90            </intent-filter>
91        </activity>
92
93        <meta-data
93-->src\main\AndroidManifest.xml:66:9-68:57
94            android:name="preloaded_fonts"
94-->src\main\AndroidManifest.xml:67:13-43
95            android:resource="@array/preloaded_fonts" />
95-->src\main\AndroidManifest.xml:68:13-54
96
97        <activity android:name="com.facebook.CustomTabMainActivity" />
97-->[com.facebook.android:facebook-common:17.0.0] AndroidManifest.xml:26:9-71
97-->[com.facebook.android:facebook-common:17.0.0] AndroidManifest.xml:26:19-68
98
99        <service
99-->[com.google.firebase:firebase-database:20.0.4] AndroidManifest.xml:29:9-35:19
100            android:name="com.google.firebase.components.ComponentDiscoveryService"
100-->[com.google.firebase:firebase-database:20.0.4] AndroidManifest.xml:30:13-84
101            android:directBootAware="true"
101-->[com.google.firebase:firebase-common:20.1.0] AndroidManifest.xml:35:13-43
102            android:exported="false" >
102-->[com.google.firebase:firebase-database:20.0.4] AndroidManifest.xml:31:13-37
103            <meta-data
103-->[com.google.firebase:firebase-database:20.0.4] AndroidManifest.xml:32:13-34:85
104                android:name="com.google.firebase.components:com.google.firebase.database.DatabaseRegistrar"
104-->[com.google.firebase:firebase-database:20.0.4] AndroidManifest.xml:33:17-109
105                android:value="com.google.firebase.components.ComponentRegistrar" />
105-->[com.google.firebase:firebase-database:20.0.4] AndroidManifest.xml:34:17-82
106            <meta-data
106-->[com.google.firebase:firebase-auth:21.0.2] AndroidManifest.xml:67:13-69:85
107                android:name="com.google.firebase.components:com.google.firebase.auth.FirebaseAuthRegistrar"
107-->[com.google.firebase:firebase-auth:21.0.2] AndroidManifest.xml:68:17-109
108                android:value="com.google.firebase.components.ComponentRegistrar" />
108-->[com.google.firebase:firebase-auth:21.0.2] AndroidManifest.xml:69:17-82
109            <meta-data
109-->[com.google.firebase:firebase-storage:20.0.1] AndroidManifest.xml:33:13-35:85
110                android:name="com.google.firebase.components:com.google.firebase.storage.StorageRegistrar"
110-->[com.google.firebase:firebase-storage:20.0.1] AndroidManifest.xml:34:17-107
111                android:value="com.google.firebase.components.ComponentRegistrar" />
111-->[com.google.firebase:firebase-storage:20.0.1] AndroidManifest.xml:35:17-82
112            <meta-data
112-->[com.google.firebase:firebase-firestore:24.0.2] AndroidManifest.xml:20:13-22:85
113                android:name="com.google.firebase.components:com.google.firebase.firestore.FirestoreRegistrar"
113-->[com.google.firebase:firebase-firestore:24.0.2] AndroidManifest.xml:21:17-111
114                android:value="com.google.firebase.components.ComponentRegistrar" />
114-->[com.google.firebase:firebase-firestore:24.0.2] AndroidManifest.xml:22:17-82
115        </service>
116
117        <activity
117-->[com.google.firebase:firebase-auth:21.0.2] AndroidManifest.xml:27:9-44:20
118            android:name="com.google.firebase.auth.internal.GenericIdpActivity"
118-->[com.google.firebase:firebase-auth:21.0.2] AndroidManifest.xml:28:13-80
119            android:excludeFromRecents="true"
119-->[com.google.firebase:firebase-auth:21.0.2] AndroidManifest.xml:29:13-46
120            android:exported="true"
120-->[com.google.firebase:firebase-auth:21.0.2] AndroidManifest.xml:30:13-36
121            android:launchMode="singleTask"
121-->[com.google.firebase:firebase-auth:21.0.2] AndroidManifest.xml:31:13-44
122            android:theme="@android:style/Theme.Translucent.NoTitleBar" >
122-->[com.google.firebase:firebase-auth:21.0.2] AndroidManifest.xml:32:13-72
123            <intent-filter>
123-->[com.google.firebase:firebase-auth:21.0.2] AndroidManifest.xml:33:13-43:29
124                <action android:name="android.intent.action.VIEW" />
124-->src\main\AndroidManifest.xml:57:17-69
124-->src\main\AndroidManifest.xml:57:25-66
125
126                <category android:name="android.intent.category.DEFAULT" />
126-->src\main\AndroidManifest.xml:59:17-76
126-->src\main\AndroidManifest.xml:59:27-73
127                <category android:name="android.intent.category.BROWSABLE" />
127-->src\main\AndroidManifest.xml:60:17-78
127-->src\main\AndroidManifest.xml:60:27-75
128
129                <data
129-->src\main\AndroidManifest.xml:62:17-75
130                    android:host="firebase.auth"
131                    android:path="/"
132                    android:scheme="genericidp" />
132-->src\main\AndroidManifest.xml:62:23-72
133            </intent-filter>
134        </activity>
135        <activity
135-->[com.google.firebase:firebase-auth:21.0.2] AndroidManifest.xml:45:9-62:20
136            android:name="com.google.firebase.auth.internal.RecaptchaActivity"
136-->[com.google.firebase:firebase-auth:21.0.2] AndroidManifest.xml:46:13-79
137            android:excludeFromRecents="true"
137-->[com.google.firebase:firebase-auth:21.0.2] AndroidManifest.xml:47:13-46
138            android:exported="true"
138-->[com.google.firebase:firebase-auth:21.0.2] AndroidManifest.xml:48:13-36
139            android:launchMode="singleTask"
139-->[com.google.firebase:firebase-auth:21.0.2] AndroidManifest.xml:49:13-44
140            android:theme="@android:style/Theme.Translucent.NoTitleBar" >
140-->[com.google.firebase:firebase-auth:21.0.2] AndroidManifest.xml:50:13-72
141            <intent-filter>
141-->[com.google.firebase:firebase-auth:21.0.2] AndroidManifest.xml:51:13-61:29
142                <action android:name="android.intent.action.VIEW" />
142-->src\main\AndroidManifest.xml:57:17-69
142-->src\main\AndroidManifest.xml:57:25-66
143
144                <category android:name="android.intent.category.DEFAULT" />
144-->src\main\AndroidManifest.xml:59:17-76
144-->src\main\AndroidManifest.xml:59:27-73
145                <category android:name="android.intent.category.BROWSABLE" />
145-->src\main\AndroidManifest.xml:60:17-78
145-->src\main\AndroidManifest.xml:60:27-75
146
147                <data
147-->src\main\AndroidManifest.xml:62:17-75
148                    android:host="firebase.auth"
149                    android:path="/"
150                    android:scheme="recaptcha" />
150-->src\main\AndroidManifest.xml:62:23-72
151            </intent-filter>
152        </activity>
153        <activity
153-->[com.google.android.gms:play-services-auth:20.2.0] AndroidManifest.xml:23:9-27:75
154            android:name="com.google.android.gms.auth.api.signin.internal.SignInHubActivity"
154-->[com.google.android.gms:play-services-auth:20.2.0] AndroidManifest.xml:24:13-93
155            android:excludeFromRecents="true"
155-->[com.google.android.gms:play-services-auth:20.2.0] AndroidManifest.xml:25:13-46
156            android:exported="false"
156-->[com.google.android.gms:play-services-auth:20.2.0] AndroidManifest.xml:26:13-37
157            android:theme="@android:style/Theme.Translucent.NoTitleBar" />
157-->[com.google.android.gms:play-services-auth:20.2.0] AndroidManifest.xml:27:13-72
158        <!--
159            Service handling Google Sign-In user revocation. For apps that do not integrate with
160            Google Sign-In, this service will never be started.
161        -->
162        <service
162-->[com.google.android.gms:play-services-auth:20.2.0] AndroidManifest.xml:33:9-37:51
163            android:name="com.google.android.gms.auth.api.signin.RevocationBoundService"
163-->[com.google.android.gms:play-services-auth:20.2.0] AndroidManifest.xml:34:13-89
164            android:exported="true"
164-->[com.google.android.gms:play-services-auth:20.2.0] AndroidManifest.xml:35:13-36
165            android:permission="com.google.android.gms.auth.api.signin.permission.REVOCATION_NOTIFICATION"
165-->[com.google.android.gms:play-services-auth:20.2.0] AndroidManifest.xml:36:13-107
166            android:visibleToInstantApps="true" />
166-->[com.google.android.gms:play-services-auth:20.2.0] AndroidManifest.xml:37:13-48
167
168        <provider
168-->[com.squareup.picasso:picasso:2.71828] AndroidManifest.xml:8:9-11:40
169            android:name="com.squareup.picasso.PicassoProvider"
169-->[com.squareup.picasso:picasso:2.71828] AndroidManifest.xml:9:13-64
170            android:authorities="com.Chatting.chatapp.com.squareup.picasso"
170-->[com.squareup.picasso:picasso:2.71828] AndroidManifest.xml:10:13-72
171            android:exported="false" />
171-->[com.squareup.picasso:picasso:2.71828] AndroidManifest.xml:11:13-37
172
173        <activity
173-->[com.google.android.gms:play-services-base:18.0.1] AndroidManifest.xml:20:9-22:45
174            android:name="com.google.android.gms.common.api.GoogleApiActivity"
174-->[com.google.android.gms:play-services-base:18.0.1] AndroidManifest.xml:20:19-85
175            android:exported="false"
175-->[com.google.android.gms:play-services-base:18.0.1] AndroidManifest.xml:22:19-43
176            android:theme="@android:style/Theme.Translucent.NoTitleBar" />
176-->[com.google.android.gms:play-services-base:18.0.1] AndroidManifest.xml:21:19-78
177
178        <provider
178-->[com.google.firebase:firebase-common:20.1.0] AndroidManifest.xml:26:9-31:39
179            android:name="com.google.firebase.provider.FirebaseInitProvider"
179-->[com.google.firebase:firebase-common:20.1.0] AndroidManifest.xml:27:13-77
180            android:authorities="com.Chatting.chatapp.firebaseinitprovider"
180-->[com.google.firebase:firebase-common:20.1.0] AndroidManifest.xml:28:13-72
181            android:directBootAware="true"
181-->[com.google.firebase:firebase-common:20.1.0] AndroidManifest.xml:29:13-43
182            android:exported="false"
182-->[com.google.firebase:firebase-common:20.1.0] AndroidManifest.xml:30:13-37
183            android:initOrder="100" />
183-->[com.google.firebase:firebase-common:20.1.0] AndroidManifest.xml:31:13-36
184
185        <meta-data
185-->[com.google.android.gms:play-services-basement:18.0.0] AndroidManifest.xml:21:9-23:69
186            android:name="com.google.android.gms.version"
186-->[com.google.android.gms:play-services-basement:18.0.0] AndroidManifest.xml:22:13-58
187            android:value="@integer/google_play_services_version" />
187-->[com.google.android.gms:play-services-basement:18.0.0] AndroidManifest.xml:23:13-66
188
189        <provider
189-->[androidx.emoji2:emoji2:1.0.0] AndroidManifest.xml:26:9-34:20
190            android:name="androidx.startup.InitializationProvider"
190-->[androidx.emoji2:emoji2:1.0.0] AndroidManifest.xml:27:13-67
191            android:authorities="com.Chatting.chatapp.androidx-startup"
191-->[androidx.emoji2:emoji2:1.0.0] AndroidManifest.xml:28:13-68
192            android:exported="false" >
192-->[androidx.emoji2:emoji2:1.0.0] AndroidManifest.xml:29:13-37
193            <meta-data
193-->[androidx.emoji2:emoji2:1.0.0] AndroidManifest.xml:31:13-33:52
194                android:name="androidx.emoji2.text.EmojiCompatInitializer"
194-->[androidx.emoji2:emoji2:1.0.0] AndroidManifest.xml:32:17-75
195                android:value="androidx.startup" />
195-->[androidx.emoji2:emoji2:1.0.0] AndroidManifest.xml:33:17-49
196            <meta-data
196-->[androidx.lifecycle:lifecycle-process:2.4.0] AndroidManifest.xml:31:13-33:52
197                android:name="androidx.lifecycle.ProcessLifecycleInitializer"
197-->[androidx.lifecycle:lifecycle-process:2.4.0] AndroidManifest.xml:32:17-78
198                android:value="androidx.startup" />
198-->[androidx.lifecycle:lifecycle-process:2.4.0] AndroidManifest.xml:33:17-49
199        </provider>
200        <!--
201         The initialization ContentProvider will call FacebookSdk.sdkInitialize automatically
202         with the application context. This config is merged in with the host app's manifest,
203         but there can only be one provider with the same authority activated at any given
204         point; so if the end user has two or more different apps that use Facebook SDK, only the
205         first one will be able to use the provider. To work around this problem, we use the
206         following placeholder in the authority to identify each host application as if it was
207         a completely different provider.
208        -->
209        <provider
209-->[com.facebook.android:facebook-core:17.0.0] AndroidManifest.xml:29:9-32:40
210            android:name="com.facebook.internal.FacebookInitProvider"
210-->[com.facebook.android:facebook-core:17.0.0] AndroidManifest.xml:30:13-70
211            android:authorities="com.Chatting.chatapp.FacebookInitProvider"
211-->[com.facebook.android:facebook-core:17.0.0] AndroidManifest.xml:31:13-72
212            android:exported="false" />
212-->[com.facebook.android:facebook-core:17.0.0] AndroidManifest.xml:32:13-37
213
214        <receiver
214-->[com.facebook.android:facebook-core:17.0.0] AndroidManifest.xml:34:9-40:20
215            android:name="com.facebook.CurrentAccessTokenExpirationBroadcastReceiver"
215-->[com.facebook.android:facebook-core:17.0.0] AndroidManifest.xml:35:13-86
216            android:exported="false" >
216-->[com.facebook.android:facebook-core:17.0.0] AndroidManifest.xml:36:13-37
217            <intent-filter>
217-->[com.facebook.android:facebook-core:17.0.0] AndroidManifest.xml:37:13-39:29
218                <action android:name="com.facebook.sdk.ACTION_CURRENT_ACCESS_TOKEN_CHANGED" />
218-->[com.facebook.android:facebook-core:17.0.0] AndroidManifest.xml:38:17-95
218-->[com.facebook.android:facebook-core:17.0.0] AndroidManifest.xml:38:25-92
219            </intent-filter>
220        </receiver>
221        <receiver
221-->[com.facebook.android:facebook-core:17.0.0] AndroidManifest.xml:41:9-47:20
222            android:name="com.facebook.AuthenticationTokenManager$CurrentAuthenticationTokenChangedBroadcastReceiver"
222-->[com.facebook.android:facebook-core:17.0.0] AndroidManifest.xml:42:13-118
223            android:exported="false" >
223-->[com.facebook.android:facebook-core:17.0.0] AndroidManifest.xml:43:13-37
224            <intent-filter>
224-->[com.facebook.android:facebook-core:17.0.0] AndroidManifest.xml:44:13-46:29
225                <action android:name="com.facebook.sdk.ACTION_CURRENT_AUTHENTICATION_TOKEN_CHANGED" />
225-->[com.facebook.android:facebook-core:17.0.0] AndroidManifest.xml:45:17-103
225-->[com.facebook.android:facebook-core:17.0.0] AndroidManifest.xml:45:25-100
226            </intent-filter>
227        </receiver>
228    </application>
229
230</manifest>